<?xml version="1.0" encoding="UTF-8"?>
<!-- Generated by org.testng.reporters.JUnitReportReporter -->
<testsuite hostname="DESKTOP-44ADGPF" failures="0" tests="1" name="scripts.TestMethod2" time="5.469" errors="0" timestamp="2023-02-23T09:39:22 IST" skipped="0">
  <testcase classname="scripts.TestMethod2" name="testA" time="5.469"/>
  <system-out>
    <![CDATA[Google]]>
  </system-out>
</testsuite> <!-- scripts.TestMethod2 -->
