<?xml version="1.0" encoding="UTF-8"?>
<!-- Generated by org.testng.reporters.JUnitReportReporter -->
<testsuite hostname="DESKTOP-44ADGPF" failures="0" tests="1" name="scripts.TestMethod1" time="16.821" errors="0" timestamp="2023-02-23T15:51:33 IST" skipped="0">
  <testcase classname="scripts.TestMethod1" name="testA" time="16.821"/>
  <system-out>
    <![CDATA[Url page Title is : Google]]>
  </system-out>
</testsuite> <!-- scripts.TestMethod1 -->
