<?xml version="1.0" encoding="UTF-8"?>
<!-- Generated by org.testng.reporters.JUnitReportReporter -->
<testsuite hostname="DESKTOP-44ADGPF" failures="0" tests="1" name="scripts.TestCase1" time="13.816" errors="0" timestamp="2023-02-23T16:21:24 IST" skipped="0">
  <testcase classname="scripts.TestCase1" name="testA" time="13.816"/>
  <system-out>
    <![CDATA[Url page Title is : Google
Lalit]]>
  </system-out>
</testsuite> <!-- scripts.TestCase1 -->
